<?xml version="1.0" encoding="UTF-8"?>
<testng-results skipped="0" failed="0" ignored="0" total="0" passed="0">
  <reporter-output>
  </reporter-output>
  <suite name="uk.co.library.testbase.BaseTest" duration-ms="27" started-at="2023-05-10T18:16:37 BST" finished-at="2023-05-10T18:16:37 BST">
    <groups>
    </groups>
    <test name="Command line test" duration-ms="27" started-at="2023-05-10T18:16:37 BST" finished-at="2023-05-10T18:16:37 BST">
    </test> <!-- Command line test -->
  </suite> <!-- uk.co.library.testbase.BaseTest -->
</testng-results>
