<?xml version="1.0" encoding="UTF-8"?>
<testsuite name="Nop-Commerce Test"
           tests="7"
           failures="0"
           errors="0"
           skipped="0"
           time="100.023">
  <properties />
  
  
            <testcase name="verifyJobSearchResultUsingDifferentDataSet" time="10.793" classname="uk.co.library.testsuite.JobSearchTest" />
                <testcase name="verifyJobSearchResultUsingDifferentDataSet" time="15.963" classname="uk.co.library.testsuite.JobSearchTest" />
                <testcase name="verifyJobSearchResultUsingDifferentDataSet" time="13.575" classname="uk.co.library.testsuite.JobSearchTest" />
                <testcase name="verifyJobSearchResultUsingDifferentDataSet" time="15.262" classname="uk.co.library.testsuite.JobSearchTest" />
                <testcase name="verifyJobSearchResultUsingDifferentDataSet" time="19.276" classname="uk.co.library.testsuite.JobSearchTest" />
                <testcase name="verifyJobSearchResultUsingDifferentDataSet" time="13.724" classname="uk.co.library.testsuite.JobSearchTest" />
                <testcase name="verifyJobSearchResultUsingDifferentDataSet" time="11.430" classname="uk.co.library.testsuite.JobSearchTest" />
      
</testsuite>
